[debug] [2022-09-24T16:34:26.665Z] ----------------------------------------------------------------------
[debug] [2022-09-24T16:34:26.670Z] Command:       C:\Program Files\nodejs\node.exe C:\Users\gir_d\AppData\Roaming\npm\node_modules\firebase-tools\lib\bin\firebase.js init hosting
[debug] [2022-09-24T16:34:26.670Z] CLI Version:   11.10.0
[debug] [2022-09-24T16:34:26.671Z] Platform:      win32
[debug] [2022-09-24T16:34:26.671Z] Node Version:  v16.6.0
[debug] [2022-09-24T16:34:26.672Z] Time:          Sat Sep 24 2022 18:34:26 GMT+0200 (heure d’été d’Europe centrale)
[debug] [2022-09-24T16:34:26.673Z] ----------------------------------------------------------------------
[debug] 
[debug] [2022-09-24T16:34:26.781Z] > command requires scopes: ["email","openid","https://www.googleapis.com/auth/cloudplatformprojects.readonly","https://www.googleapis.com/auth/firebase","https://www.googleapis.com/auth/cloud-platform"]
[debug] [2022-09-24T16:34:26.781Z] > authorizing via signed-in user (cyril.giraudo@gmail.com)
[info] 
     ######## #### ########  ######## ########     ###     ######  ########
     ##        ##  ##     ## ##       ##     ##  ##   ##  ##       ##
     ######    ##  ########  ######   ########  #########  ######  ######
     ##        ##  ##    ##  ##       ##     ## ##     ##       ## ##
     ##       #### ##     ## ######## ########  ##     ##  ######  ########

You're about to initialize a Firebase project in this directory:

  C:\react\yoga

Before we get started, keep in mind:

  * You are currently outside your home directory
  * You are initializing within an existing Firebase project directory

[info] 
=== Project Setup
[info] 
[info] First, let's associate this project directory with a Firebase project.
[info] You can create multiple project aliases by running firebase use --add, 
[info] but for now we'll just set up a default project.
[info] 
[debug] [2022-09-24T16:34:28.938Z] Using project from CLI flag: recettes-6b576
[debug] [2022-09-24T16:34:28.940Z] > refreshing access token with scopes: []
[debug] [2022-09-24T16:34:28.944Z] >>> [apiv2][query] POST https://www.googleapis.com/oauth2/v3/token [none]
[debug] [2022-09-24T16:34:28.944Z] >>> [apiv2][body] POST https://www.googleapis.com/oauth2/v3/token [omitted]
[debug] [2022-09-24T16:34:29.087Z] <<< [apiv2][status] POST https://www.googleapis.com/oauth2/v3/token 200
[debug] [2022-09-24T16:34:29.087Z] <<< [apiv2][body] POST https://www.googleapis.com/oauth2/v3/token [omitted]
[debug] [2022-09-24T16:34:29.104Z] >>> [apiv2][query] GET https://firebase.googleapis.com/v1beta1/projects/recettes-6b576 [none]
[debug] [2022-09-24T16:34:29.392Z] <<< [apiv2][status] GET https://firebase.googleapis.com/v1beta1/projects/recettes-6b576 200
[debug] [2022-09-24T16:34:29.392Z] <<< [apiv2][body] GET https://firebase.googleapis.com/v1beta1/projects/recettes-6b576 {"projectId":"recettes-6b576","projectNumber":"443014791897","displayName":"Recettes","name":"projects/recettes-6b576","resources":{"hostingSite":"recettes-6b576","storageBucket":"recettes-6b576.appspot.com","locationId":"europe-west"},"state":"ACTIVE","etag":"1_5653c768-f299-457f-b1c3-6c72f09c39ac"}
[info] i  Using project recettes-6b576 (Recettes) 
[info] 
=== Hosting Setup
[info] 
[info] Your public directory is the folder (relative to your project directory) that
[info] will contain Hosting assets to be uploaded with firebase deploy. If you
[info] have a build process for your assets, use your build's output directory.
[info] 
[debug] [2022-09-24T16:35:07.463Z] >>> [apiv2][query] GET https://www.gstatic.com/firebasejs/releases.json [none]
[debug] [2022-09-24T16:35:07.573Z] <<< [apiv2][status] GET https://www.gstatic.com/firebasejs/releases.json 200
[debug] [2022-09-24T16:35:07.573Z] <<< [apiv2][body] GET https://www.gstatic.com/firebasejs/releases.json {"current":{"version":"9.10.0","browserURL":"https://www.gstatic.com/firebasejs/9.10.0/firebase.js","packageURL":"https://www.gstatic.com/firebasejs/9.10.0/firebase.tgz"},"live":{"version":"9.10","browserURL":"https://www.gstatic.com/firebasejs/live/9.10/firebase.js","packageURL":"https://www.gstatic.com/firebasejs/live/9.10/firebase.tgz"},"components":{"analytics":"https://www.gstatic.com/firebasejs/9.10.0/firebase-analytics.js","app":"https://www.gstatic.com/firebasejs/9.10.0/firebase-app.js","app-check":"https://www.gstatic.com/firebasejs/9.10.0/firebase-app-check.js","auth":"https://www.gstatic.com/firebasejs/9.10.0/firebase-auth.js","auth/cordova":"https://www.gstatic.com/firebasejs/9.10.0/firebase-auth/cordova.js","auth/react-native":"https://www.gstatic.com/firebasejs/9.10.0/firebase-auth/react-native.js","functions":"https://www.gstatic.com/firebasejs/9.10.0/firebase-functions.js","firestore":"https://www.gstatic.com/firebasejs/9.10.0/firebase-firestore.js","firestore/lite":"https://www.gstatic.com/firebasejs/9.10.0/firebase-firestore/lite.js","installations":"https://www.gstatic.com/firebasejs/9.10.0/firebase-installations.js","storage":"https://www.gstatic.com/firebasejs/9.10.0/firebase-storage.js","performance":"https://www.gstatic.com/firebasejs/9.10.0/firebase-performance.js","remote-config":"https://www.gstatic.com/firebasejs/9.10.0/firebase-remote-config.js","messaging":"https://www.gstatic.com/firebasejs/9.10.0/firebase-messaging.js","messaging/sw":"https://www.gstatic.com/firebasejs/9.10.0/firebase-messaging/sw.js","database":"https://www.gstatic.com/firebasejs/9.10.0/firebase-database.js","firestore.memory":"https://www.gstatic.com/firebasejs/9.10.0/firebase-firestore.memory.js"}}
[debug] [2022-09-24T16:35:07.695Z] Error: EISDIR: illegal operation on a directory, open 'C:\react\yoga\build\index.html'
    at Object.openSync (node:fs:582:3)
    at Object.writeFileSync (node:fs:2143:35)
    at Object.createFileSync (C:\Users\gir_d\AppData\Roaming\npm\node_modules\firebase-tools\node_modules\fs-extra\lib\ensure\file.js:63:6)
    at Config.writeProjectFile (C:\Users\gir_d\AppData\Roaming\npm\node_modules\firebase-tools\lib\config.js:152:12)
    at C:\Users\gir_d\AppData\Roaming\npm\node_modules\firebase-tools\lib\config.js:176:22
    at processTicksAndRejections (node:internal/process/task_queues:96:5)
    at async doSetup (C:\Users\gir_d\AppData\Roaming\npm\node_modules\firebase-tools\lib\init\features\hosting\index.js:52:5)
    at async init (C:\Users\gir_d\AppData\Roaming\npm\node_modules\firebase-tools\lib\init\index.js:36:9)
[error] 
[error] Error: An unexpected error has occurred.
[debug] [2022-09-24T16:35:18.988Z] ----------------------------------------------------------------------
[debug] [2022-09-24T16:35:18.991Z] Command:       C:\Program Files\nodejs\node.exe C:\Users\gir_d\AppData\Roaming\npm\node_modules\firebase-tools\lib\bin\firebase.js init hosting
[debug] [2022-09-24T16:35:18.991Z] CLI Version:   11.10.0
[debug] [2022-09-24T16:35:18.991Z] Platform:      win32
[debug] [2022-09-24T16:35:18.991Z] Node Version:  v16.6.0
[debug] [2022-09-24T16:35:18.993Z] Time:          Sat Sep 24 2022 18:35:18 GMT+0200 (heure d’été d’Europe centrale)
[debug] [2022-09-24T16:35:18.993Z] ----------------------------------------------------------------------
[debug] 
[debug] [2022-09-24T16:35:19.087Z] > command requires scopes: ["email","openid","https://www.googleapis.com/auth/cloudplatformprojects.readonly","https://www.googleapis.com/auth/firebase","https://www.googleapis.com/auth/cloud-platform"]
[debug] [2022-09-24T16:35:19.088Z] > authorizing via signed-in user (cyril.giraudo@gmail.com)
[info] 
     ######## #### ########  ######## ########     ###     ######  ########
     ##        ##  ##     ## ##       ##     ##  ##   ##  ##       ##
     ######    ##  ########  ######   ########  #########  ######  ######
     ##        ##  ##    ##  ##       ##     ## ##     ##       ## ##
     ##       #### ##     ## ######## ########  ##     ##  ######  ########

You're about to initialize a Firebase project in this directory:

  C:\react\yoga

Before we get started, keep in mind:

  * You are currently outside your home directory
  * You are initializing within an existing Firebase project directory

[info] 
=== Project Setup
[info] 
[info] First, let's associate this project directory with a Firebase project.
[info] You can create multiple project aliases by running firebase use --add, 
[info] but for now we'll just set up a default project.
[info] 
[debug] [2022-09-24T16:35:21.011Z] Using project from CLI flag: recettes-6b576
[debug] [2022-09-24T16:35:21.017Z] >>> [apiv2][query] GET https://firebase.googleapis.com/v1beta1/projects/recettes-6b576 [none]
[debug] [2022-09-24T16:35:21.311Z] <<< [apiv2][status] GET https://firebase.googleapis.com/v1beta1/projects/recettes-6b576 200
[debug] [2022-09-24T16:35:21.311Z] <<< [apiv2][body] GET https://firebase.googleapis.com/v1beta1/projects/recettes-6b576 {"projectId":"recettes-6b576","projectNumber":"443014791897","displayName":"Recettes","name":"projects/recettes-6b576","resources":{"hostingSite":"recettes-6b576","storageBucket":"recettes-6b576.appspot.com","locationId":"europe-west"},"state":"ACTIVE","etag":"1_5653c768-f299-457f-b1c3-6c72f09c39ac"}
[info] i  Using project recettes-6b576 (Recettes) 
[info] 
=== Hosting Setup
[info] 
[info] Your public directory is the folder (relative to your project directory) that
[info] will contain Hosting assets to be uploaded with firebase deploy. If you
[info] have a build process for your assets, use your build's output directory.
[info] 
[debug] [2022-09-24T16:35:31.860Z] >>> [apiv2][query] GET https://www.gstatic.com/firebasejs/releases.json [none]
[debug] [2022-09-24T16:35:31.926Z] <<< [apiv2][status] GET https://www.gstatic.com/firebasejs/releases.json 200
[debug] [2022-09-24T16:35:31.926Z] <<< [apiv2][body] GET https://www.gstatic.com/firebasejs/releases.json {"current":{"version":"9.10.0","browserURL":"https://www.gstatic.com/firebasejs/9.10.0/firebase.js","packageURL":"https://www.gstatic.com/firebasejs/9.10.0/firebase.tgz"},"live":{"version":"9.10","browserURL":"https://www.gstatic.com/firebasejs/live/9.10/firebase.js","packageURL":"https://www.gstatic.com/firebasejs/live/9.10/firebase.tgz"},"components":{"analytics":"https://www.gstatic.com/firebasejs/9.10.0/firebase-analytics.js","app":"https://www.gstatic.com/firebasejs/9.10.0/firebase-app.js","app-check":"https://www.gstatic.com/firebasejs/9.10.0/firebase-app-check.js","auth":"https://www.gstatic.com/firebasejs/9.10.0/firebase-auth.js","auth/cordova":"https://www.gstatic.com/firebasejs/9.10.0/firebase-auth/cordova.js","auth/react-native":"https://www.gstatic.com/firebasejs/9.10.0/firebase-auth/react-native.js","functions":"https://www.gstatic.com/firebasejs/9.10.0/firebase-functions.js","firestore":"https://www.gstatic.com/firebasejs/9.10.0/firebase-firestore.js","firestore/lite":"https://www.gstatic.com/firebasejs/9.10.0/firebase-firestore/lite.js","installations":"https://www.gstatic.com/firebasejs/9.10.0/firebase-installations.js","storage":"https://www.gstatic.com/firebasejs/9.10.0/firebase-storage.js","performance":"https://www.gstatic.com/firebasejs/9.10.0/firebase-performance.js","remote-config":"https://www.gstatic.com/firebasejs/9.10.0/firebase-remote-config.js","messaging":"https://www.gstatic.com/firebasejs/9.10.0/firebase-messaging.js","messaging/sw":"https://www.gstatic.com/firebasejs/9.10.0/firebase-messaging/sw.js","database":"https://www.gstatic.com/firebasejs/9.10.0/firebase-database.js","firestore.memory":"https://www.gstatic.com/firebasejs/9.10.0/firebase-firestore.memory.js"}}
[debug] [2022-09-24T16:35:32.017Z] Error: EISDIR: illegal operation on a directory, open 'C:\react\yoga\build\index.html'
    at Object.openSync (node:fs:582:3)
    at Object.writeFileSync (node:fs:2143:35)
    at Object.createFileSync (C:\Users\gir_d\AppData\Roaming\npm\node_modules\firebase-tools\node_modules\fs-extra\lib\ensure\file.js:63:6)
    at Config.writeProjectFile (C:\Users\gir_d\AppData\Roaming\npm\node_modules\firebase-tools\lib\config.js:152:12)
    at C:\Users\gir_d\AppData\Roaming\npm\node_modules\firebase-tools\lib\config.js:176:22
    at processTicksAndRejections (node:internal/process/task_queues:96:5)
    at async doSetup (C:\Users\gir_d\AppData\Roaming\npm\node_modules\firebase-tools\lib\init\features\hosting\index.js:52:5)
    at async init (C:\Users\gir_d\AppData\Roaming\npm\node_modules\firebase-tools\lib\init\index.js:36:9)
[error] 
[error] Error: An unexpected error has occurred.
